<?xml version="1.0" encoding="UTF-8"?>
<!-- Generated by org.testng.reporters.JUnitXMLReporter -->
<testsuite ignored="0" hostname="DESKTOP-TB5RRPF" failures="0" tests="1" name="ChromeTest2" time="0.797" errors="0" timestamp="2025-07-28T09:45:14 IST">
  <testcase classname="genericLibrary.BaseConfig" name="@BeforeClass Browsersetup" time="-1.753676113856E9">
    <failure type="org.testng.TestNGException" message="
Parameter &amp;apos;BrowserName&amp;apos; is required by BeforeClass on method Browsersetup but has not been marked @Optional or defined
in C:\Users\DELL\eclipse-workspace\ProjectX\RegressionSuite.xml">
      <![CDATA[org.testng.TestNGException: 
Parameter 'BrowserName' is required by BeforeClass on method Browsersetup but has not been marked @Optional or defined
in C:\Users\DELL\eclipse-workspace\ProjectX\RegressionSuite.xml
at java.base/java.util.ArrayList.forEach(ArrayList.java:1511)
... Removed 22 stack frames]]>
    </failure>
  </testcase> <!-- @BeforeClass Browsersetup -->
  <testcase classname="genericLibrary.BaseConfig" name="@BeforeMethod login" time="0.0">
    <skipped/>
  </testcase> <!-- @BeforeMethod login -->
  <testcase classname="genericLibrary.BaseConfig" name="@AfterMethod logout" time="0.0">
    <skipped/>
  </testcase> <!-- @AfterMethod logout -->
  <testcase classname="genericLibrary.BaseConfig" name="@AfterClass BrowserTerminate" time="0.0">
    <skipped/>
  </testcase> <!-- @AfterClass BrowserTerminate -->
  <testcase classname="productTest.TeamXTest" name="Addproduct" time="0.0">
    <skipped/>
  </testcase> <!-- Addproduct -->
</testsuite> <!-- ChromeTest2 -->
